<?xml version="1.0" encoding="UTF-8"?>
<!-- Generated by org.testng.reporters.JUnitXMLReporter -->
<testsuite ignored="0" hostname="LTIN185395" failures="0" tests="4" name="Parametrisation Test" time="0.108" errors="0" timestamp="2021-12-17T18:00:16 IST">
  <testcase classname="testNG.Grouping" name="BrokerLogin" time="0.016"/>
  <testcase classname="testNG.Grouping" name="EndUserLogin" time="0.002"/>
  <testcase classname="testNG.Grouping" name="MemberLogin" time="0.004"/>
  <testcase classname="testNG.Grouping" name="agentLogin" time="0.003"/>
</testsuite> <!-- Parametrisation Test -->
